

Started GET "/" for 127.0.0.1 at 2016-01-27 16:23:46 +0530
  [1m[36mActiveRecord::SchemaMigration Load (0.3ms)[0m  [1mSELECT `schema_migrations`.* FROM `schema_migrations`[0m
Processing by ProductsController#index as HTML
  [1m[35mProduct Load (0.4ms)[0m  SELECT `products`.* FROM `products`
  Rendered products/index.html.erb within layouts/application (57.0ms)
Completed 200 OK in 880ms (Views: 797.2ms | ActiveRecord: 2.9ms)


Started GET "/assets/scaffolds.self-c646494787453f150279ccda86920a4195ef00eabfec42cfc461e979781f1a92.css?body=1" for 127.0.0.1 at 2016-01-27 16:23:48 +0530


Started GET "/assets/application.self-e80e8f2318043e8af94dddc2adad5a4f09739a8ebb323b3ab31cd71d45fd9113.css?body=1" for 127.0.0.1 at 2016-01-27 16:23:48 +0530


Started GET "/assets/jquery.self-c64a74367bda6ef8b860f19e74df08927ca99d2be2ac934e9e92d5fd361e0da4.js?body=1" for 127.0.0.1 at 2016-01-27 16:23:48 +0530


Started GET "/assets/jquery_ujs.self-d602bdfe68ffc63b9f9cc512872aa3cfff046228a0a36e90dd476e8ef54c1b09.js?body=1" for 127.0.0.1 at 2016-01-27 16:23:48 +0530


Started GET "/assets/angular/angular.min.self-b87f307e15e15aff354e4decf192f704dfbc557a0679750efceecdade91b5691.js?body=1" for 127.0.0.1 at 2016-01-27 16:23:48 +0530


Started GET "/assets/products.self-e3b0c44298fc1c149afbf4c8996fb92427ae41e4649b934ca495991b7852b855.css?body=1" for 127.0.0.1 at 2016-01-27 16:23:48 +0530


Started GET "/assets/angular/angular-route.self-02b97ac9106c1262462aa2e996b43cdd2e2b03ee44653a3ca2a760b767170864.js?body=1" for 127.0.0.1 at 2016-01-27 16:23:48 +0530


Started GET "/assets/angular/angular-resource.self-763da9da08de70e717814bc447eebf42eff755d2177cc18feaf51df0df4c7891.js?body=1" for 127.0.0.1 at 2016-01-27 16:23:48 +0530


Started GET "/assets/products.self-eff21462aa934a7f27eb1246104b481cec71db63195be9850e501e9fab0ab10d.js?body=1" for 127.0.0.1 at 2016-01-27 16:23:48 +0530


Started GET "/assets/application.self-7862a8a8b42407b4741a1adeeea35f0d13ddc4f702ec532adb0674491d296495.js?body=1" for 127.0.0.1 at 2016-01-27 16:23:48 +0530


Started GET "/products.json" for 127.0.0.1 at 2016-01-27 16:23:49 +0530
Processing by ProductsController#index as JSON
  [1m[36mProduct Load (0.2ms)[0m  [1mSELECT `products`.* FROM `products`[0m
  Rendered products/index.json.jbuilder (63.8ms)
Completed 200 OK in 69ms (Views: 67.4ms | ActiveRecord: 0.2ms)


Started GET "/products" for 127.0.0.1 at 2016-01-27 16:23:56 +0530
Processing by ProductsController#index as HTML
  [1m[35mProduct Load (0.2ms)[0m  SELECT `products`.* FROM `products`
  Rendered products/index.html.erb within layouts/application (22.3ms)
Completed 200 OK in 48ms (Views: 46.9ms | ActiveRecord: 0.2ms)


Started GET "/products.json" for 127.0.0.1 at 2016-01-27 16:23:56 +0530
Processing by ProductsController#index as JSON
  [1m[36mProduct Load (0.2ms)[0m  [1mSELECT `products`.* FROM `products`[0m
  Rendered products/index.json.jbuilder (29.5ms)
Completed 200 OK in 34ms (Views: 32.4ms | ActiveRecord: 0.2ms)


Started GET "/products" for 127.0.0.1 at 2016-01-27 16:24:44 +0530
Processing by ProductsController#index as HTML
  [1m[35mProduct Load (0.4ms)[0m  SELECT `products`.* FROM `products`
  Rendered products/index.html.erb within layouts/application (22.6ms)
Completed 200 OK in 46ms (Views: 44.8ms | ActiveRecord: 0.4ms)


Started GET "/products.json" for 127.0.0.1 at 2016-01-27 16:24:44 +0530
Processing by ProductsController#index as JSON
  [1m[36mProduct Load (0.3ms)[0m  [1mSELECT `products`.* FROM `products`[0m
  Rendered products/index.json.jbuilder (100.8ms)
Completed 200 OK in 105ms (Views: 103.6ms | ActiveRecord: 0.3ms)


Started GET "/" for 127.0.0.1 at 2016-01-27 16:24:53 +0530
Processing by ProductsController#index as HTML
  [1m[35mProduct Load (0.3ms)[0m  SELECT `products`.* FROM `products`
  Rendered products/index.html.erb within layouts/application (27.6ms)
Completed 200 OK in 52ms (Views: 50.2ms | ActiveRecord: 0.3ms)


Started GET "/products.json" for 127.0.0.1 at 2016-01-27 16:24:53 +0530
Processing by ProductsController#index as JSON
  [1m[36mProduct Load (0.2ms)[0m  [1mSELECT `products`.* FROM `products`[0m
  Rendered products/index.json.jbuilder (18.0ms)
Completed 200 OK in 23ms (Views: 21.9ms | ActiveRecord: 0.2ms)


Started GET "/" for 127.0.0.1 at 2016-01-27 17:47:12 +0530
Processing by ProductsController#index as HTML
  [1m[35mProduct Load (0.3ms)[0m  SELECT `products`.* FROM `products`
  Rendered products/index.html.erb within layouts/application (31.3ms)
Completed 200 OK in 54ms (Views: 52.8ms | ActiveRecord: 0.3ms)


Started GET "/products.json" for 127.0.0.1 at 2016-01-27 17:47:12 +0530
Processing by ProductsController#index as JSON
  [1m[36mProduct Load (2.5ms)[0m  [1mSELECT `products`.* FROM `products`[0m
  Rendered products/index.json.jbuilder (20.7ms)
Completed 200 OK in 26ms (Views: 21.5ms | ActiveRecord: 2.5ms)


Started GET "/" for 127.0.0.1 at 2016-01-28 11:33:30 +0530
  [1m[36mActiveRecord::SchemaMigration Load (38.9ms)[0m  [1mSELECT `schema_migrations`.* FROM `schema_migrations`[0m
Processing by ProductsController#index as HTML
  [1m[35mProduct Load (0.5ms)[0m  SELECT `products`.* FROM `products`
  Rendered products/index.html.erb within layouts/application (69.7ms)
Completed 200 OK in 1055ms (Views: 969.3ms | ActiveRecord: 17.1ms)


Started GET "/assets/scaffolds.self-c646494787453f150279ccda86920a4195ef00eabfec42cfc461e979781f1a92.css?body=1" for 127.0.0.1 at 2016-01-28 11:33:32 +0530


Started GET "/assets/application.self-e80e8f2318043e8af94dddc2adad5a4f09739a8ebb323b3ab31cd71d45fd9113.css?body=1" for 127.0.0.1 at 2016-01-28 11:33:32 +0530


Started GET "/assets/angular/angular.min.self-b87f307e15e15aff354e4decf192f704dfbc557a0679750efceecdade91b5691.js?body=1" for 127.0.0.1 at 2016-01-28 11:33:32 +0530


Started GET "/assets/angular/angular-resource.self-763da9da08de70e717814bc447eebf42eff755d2177cc18feaf51df0df4c7891.js?body=1" for 127.0.0.1 at 2016-01-28 11:33:32 +0530


Started GET "/assets/jquery.self-c64a74367bda6ef8b860f19e74df08927ca99d2be2ac934e9e92d5fd361e0da4.js?body=1" for 127.0.0.1 at 2016-01-28 11:33:32 +0530


Started GET "/assets/jquery_ujs.self-d602bdfe68ffc63b9f9cc512872aa3cfff046228a0a36e90dd476e8ef54c1b09.js?body=1" for 127.0.0.1 at 2016-01-28 11:33:32 +0530


Started GET "/assets/products.self-e3b0c44298fc1c149afbf4c8996fb92427ae41e4649b934ca495991b7852b855.css?body=1" for 127.0.0.1 at 2016-01-28 11:33:32 +0530


Started GET "/assets/angular/angular-route.self-02b97ac9106c1262462aa2e996b43cdd2e2b03ee44653a3ca2a760b767170864.js?body=1" for 127.0.0.1 at 2016-01-28 11:33:32 +0530


Started GET "/assets/application.self-7862a8a8b42407b4741a1adeeea35f0d13ddc4f702ec532adb0674491d296495.js?body=1" for 127.0.0.1 at 2016-01-28 11:33:32 +0530


Started GET "/assets/products.self-eff21462aa934a7f27eb1246104b481cec71db63195be9850e501e9fab0ab10d.js?body=1" for 127.0.0.1 at 2016-01-28 11:33:32 +0530


Started GET "/products.json" for 127.0.0.1 at 2016-01-28 11:33:33 +0530
Processing by ProductsController#index as JSON
  [1m[36mProduct Load (0.2ms)[0m  [1mSELECT `products`.* FROM `products`[0m
  Rendered products/index.json.jbuilder (77.9ms)
Completed 200 OK in 94ms (Views: 92.4ms | ActiveRecord: 0.2ms)


Started GET "/assets/angular/angular.min.js.map" for 127.0.0.1 at 2016-01-28 11:33:45 +0530

ActionController::RoutingError (No route matches [GET] "/assets/angular/angular.min.js.map"):
  actionpack (4.2.3) lib/action_dispatch/middleware/debug_exceptions.rb:21:in `call'
  web-console (2.2.1) lib/web_console/middleware.rb:39:in `call'
  actionpack (4.2.3) lib/action_dispatch/middleware/show_exceptions.rb:30:in `call'
  railties (4.2.3) lib/rails/rack/logger.rb:38:in `call_app'
  railties (4.2.3) lib/rails/rack/logger.rb:20:in `block in call'
  activesupport (4.2.3) lib/active_support/tagged_logging.rb:68:in `block in tagged'
  activesupport (4.2.3) lib/active_support/tagged_logging.rb:26:in `tagged'
  activesupport (4.2.3) lib/active_support/tagged_logging.rb:68:in `tagged'
  railties (4.2.3) lib/rails/rack/logger.rb:20:in `call'
  actionpack (4.2.3) lib/action_dispatch/middleware/request_id.rb:21:in `call'
  rack (1.6.4) lib/rack/methodoverride.rb:22:in `call'
  rack (1.6.4) lib/rack/runtime.rb:18:in `call'
  activesupport (4.2.3) lib/active_support/cache/strategy/local_cache_middleware.rb:28:in `call'
  rack (1.6.4) lib/rack/lock.rb:17:in `call'
  actionpack (4.2.3) lib/action_dispatch/middleware/static.rb:116:in `call'
  rack (1.6.4) lib/rack/sendfile.rb:113:in `call'
  railties (4.2.3) lib/rails/engine.rb:518:in `call'
  railties (4.2.3) lib/rails/application.rb:165:in `call'
  rack (1.6.4) lib/rack/lock.rb:17:in `call'
  rack (1.6.4) lib/rack/content_length.rb:15:in `call'
  rack (1.6.4) lib/rack/handler/webrick.rb:88:in `service'
  /home/siri/.rvm/rubies/ruby-2.0.0-p353/lib/ruby/2.0.0/webrick/httpserver.rb:138:in `service'
  /home/siri/.rvm/rubies/ruby-2.0.0-p353/lib/ruby/2.0.0/webrick/httpserver.rb:94:in `run'
  /home/siri/.rvm/rubies/ruby-2.0.0-p353/lib/ruby/2.0.0/webrick/server.rb:295:in `block in start_thread'


  Rendered /home/siri/.rvm/gems/ruby-2.0.0-p353/gems/actionpack-4.2.3/lib/action_dispatch/middleware/templates/rescues/_trace.html.erb (2.4ms)
  Rendered /home/siri/.rvm/gems/ruby-2.0.0-p353/gems/actionpack-4.2.3/lib/action_dispatch/middleware/templates/routes/_route.html.erb (1.8ms)
  Rendered /home/siri/.rvm/gems/ruby-2.0.0-p353/gems/actionpack-4.2.3/lib/action_dispatch/middleware/templates/routes/_table.html.erb (62.0ms)
  Rendered /home/siri/.rvm/gems/ruby-2.0.0-p353/gems/actionpack-4.2.3/lib/action_dispatch/middleware/templates/rescues/_request_and_response.html.erb (2.0ms)
  Rendered /home/siri/.rvm/gems/ruby-2.0.0-p353/gems/actionpack-4.2.3/lib/action_dispatch/middleware/templates/rescues/routing_error.html.erb within rescues/layout (165.1ms)
  Rendered /home/siri/.rvm/gems/ruby-2.0.0-p353/gems/web-console-2.2.1/lib/web_console/templates/_markup.html.erb (0.6ms)
  Rendered /home/siri/.rvm/gems/ruby-2.0.0-p353/gems/web-console-2.2.1/lib/web_console/templates/_inner_console_markup.html.erb within layouts/inlined_string (0.6ms)
  Rendered /home/siri/.rvm/gems/ruby-2.0.0-p353/gems/web-console-2.2.1/lib/web_console/templates/_prompt_box_markup.html.erb within layouts/inlined_string (0.5ms)
  Rendered /home/siri/.rvm/gems/ruby-2.0.0-p353/gems/web-console-2.2.1/lib/web_console/templates/style.css.erb within layouts/inlined_string (0.6ms)
  Rendered /home/siri/.rvm/gems/ruby-2.0.0-p353/gems/web-console-2.2.1/lib/web_console/templates/console.js.erb within layouts/javascript (49.2ms)
  Rendered /home/siri/.rvm/gems/ruby-2.0.0-p353/gems/web-console-2.2.1/lib/web_console/templates/main.js.erb within layouts/javascript (0.5ms)
  Rendered /home/siri/.rvm/gems/ruby-2.0.0-p353/gems/web-console-2.2.1/lib/web_console/templates/error_page.js.erb within layouts/javascript (0.8ms)
  Rendered /home/siri/.rvm/gems/ruby-2.0.0-p353/gems/web-console-2.2.1/lib/web_console/templates/index.html.erb (111.7ms)


Started GET "/" for 127.0.0.1 at 2016-01-28 11:33:48 +0530
Processing by ProductsController#index as HTML
  [1m[35mProduct Load (0.2ms)[0m  SELECT `products`.* FROM `products`
  Rendered products/index.html.erb within layouts/application (33.3ms)
Completed 200 OK in 66ms (Views: 64.3ms | ActiveRecord: 0.2ms)


Started GET "/assets/products.self-e3b0c44298fc1c149afbf4c8996fb92427ae41e4649b934ca495991b7852b855.css?body=1" for 127.0.0.1 at 2016-01-28 11:33:48 +0530


Started GET "/assets/scaffolds.self-c646494787453f150279ccda86920a4195ef00eabfec42cfc461e979781f1a92.css?body=1" for 127.0.0.1 at 2016-01-28 11:33:48 +0530


Started GET "/assets/jquery.self-c64a74367bda6ef8b860f19e74df08927ca99d2be2ac934e9e92d5fd361e0da4.js?body=1" for 127.0.0.1 at 2016-01-28 11:33:48 +0530


Started GET "/assets/jquery_ujs.self-d602bdfe68ffc63b9f9cc512872aa3cfff046228a0a36e90dd476e8ef54c1b09.js?body=1" for 127.0.0.1 at 2016-01-28 11:33:49 +0530


Started GET "/assets/angular/angular.min.self-b87f307e15e15aff354e4decf192f704dfbc557a0679750efceecdade91b5691.js?body=1" for 127.0.0.1 at 2016-01-28 11:33:49 +0530


Started GET "/assets/angular/angular-resource.self-763da9da08de70e717814bc447eebf42eff755d2177cc18feaf51df0df4c7891.js?body=1" for 127.0.0.1 at 2016-01-28 11:33:49 +0530


Started GET "/assets/angular/angular-route.self-02b97ac9106c1262462aa2e996b43cdd2e2b03ee44653a3ca2a760b767170864.js?body=1" for 127.0.0.1 at 2016-01-28 11:33:49 +0530


Started GET "/assets/application.self-e80e8f2318043e8af94dddc2adad5a4f09739a8ebb323b3ab31cd71d45fd9113.css?body=1" for 127.0.0.1 at 2016-01-28 11:33:49 +0530


Started GET "/assets/application.self-7862a8a8b42407b4741a1adeeea35f0d13ddc4f702ec532adb0674491d296495.js?body=1" for 127.0.0.1 at 2016-01-28 11:33:49 +0530


Started GET "/assets/products.self-eff21462aa934a7f27eb1246104b481cec71db63195be9850e501e9fab0ab10d.js?body=1" for 127.0.0.1 at 2016-01-28 11:33:49 +0530


Started GET "/products.json" for 127.0.0.1 at 2016-01-28 11:33:50 +0530
Processing by ProductsController#index as JSON
  [1m[36mProduct Load (6.7ms)[0m  [1mSELECT `products`.* FROM `products`[0m
  Rendered products/index.json.jbuilder (25.2ms)
Completed 200 OK in 29ms (Views: 21.1ms | ActiveRecord: 6.7ms)


Started GET "/assets/angular/angular.min.js.map" for 127.0.0.1 at 2016-01-28 11:33:50 +0530

ActionController::RoutingError (No route matches [GET] "/assets/angular/angular.min.js.map"):
  actionpack (4.2.3) lib/action_dispatch/middleware/debug_exceptions.rb:21:in `call'
  web-console (2.2.1) lib/web_console/middleware.rb:39:in `call'
  actionpack (4.2.3) lib/action_dispatch/middleware/show_exceptions.rb:30:in `call'
  railties (4.2.3) lib/rails/rack/logger.rb:38:in `call_app'
  railties (4.2.3) lib/rails/rack/logger.rb:20:in `block in call'
  activesupport (4.2.3) lib/active_support/tagged_logging.rb:68:in `block in tagged'
  activesupport (4.2.3) lib/active_support/tagged_logging.rb:26:in `tagged'
  activesupport (4.2.3) lib/active_support/tagged_logging.rb:68:in `tagged'
  railties (4.2.3) lib/rails/rack/logger.rb:20:in `call'
  actionpack (4.2.3) lib/action_dispatch/middleware/request_id.rb:21:in `call'
  rack (1.6.4) lib/rack/methodoverride.rb:22:in `call'
  rack (1.6.4) lib/rack/runtime.rb:18:in `call'
  activesupport (4.2.3) lib/active_support/cache/strategy/local_cache_middleware.rb:28:in `call'
  rack (1.6.4) lib/rack/lock.rb:17:in `call'
  actionpack (4.2.3) lib/action_dispatch/middleware/static.rb:116:in `call'
  rack (1.6.4) lib/rack/sendfile.rb:113:in `call'
  railties (4.2.3) lib/rails/engine.rb:518:in `call'
  railties (4.2.3) lib/rails/application.rb:165:in `call'
  rack (1.6.4) lib/rack/lock.rb:17:in `call'
  rack (1.6.4) lib/rack/content_length.rb:15:in `call'
  rack (1.6.4) lib/rack/handler/webrick.rb:88:in `service'
  /home/siri/.rvm/rubies/ruby-2.0.0-p353/lib/ruby/2.0.0/webrick/httpserver.rb:138:in `service'
  /home/siri/.rvm/rubies/ruby-2.0.0-p353/lib/ruby/2.0.0/webrick/httpserver.rb:94:in `run'
  /home/siri/.rvm/rubies/ruby-2.0.0-p353/lib/ruby/2.0.0/webrick/server.rb:295:in `block in start_thread'


  Rendered /home/siri/.rvm/gems/ruby-2.0.0-p353/gems/actionpack-4.2.3/lib/action_dispatch/middleware/templates/rescues/_trace.html.erb (3.0ms)
  Rendered /home/siri/.rvm/gems/ruby-2.0.0-p353/gems/actionpack-4.2.3/lib/action_dispatch/middleware/templates/routes/_route.html.erb (1.9ms)
  Rendered /home/siri/.rvm/gems/ruby-2.0.0-p353/gems/actionpack-4.2.3/lib/action_dispatch/middleware/templates/routes/_table.html.erb (2.2ms)
  Rendered /home/siri/.rvm/gems/ruby-2.0.0-p353/gems/actionpack-4.2.3/lib/action_dispatch/middleware/templates/rescues/_request_and_response.html.erb (2.1ms)
  Rendered /home/siri/.rvm/gems/ruby-2.0.0-p353/gems/actionpack-4.2.3/lib/action_dispatch/middleware/templates/rescues/routing_error.html.erb within rescues/layout (41.4ms)
  Rendered /home/siri/.rvm/gems/ruby-2.0.0-p353/gems/web-console-2.2.1/lib/web_console/templates/_markup.html.erb (0.6ms)
  Rendered /home/siri/.rvm/gems/ruby-2.0.0-p353/gems/web-console-2.2.1/lib/web_console/templates/_inner_console_markup.html.erb within layouts/inlined_string (0.6ms)
  Rendered /home/siri/.rvm/gems/ruby-2.0.0-p353/gems/web-console-2.2.1/lib/web_console/templates/_prompt_box_markup.html.erb within layouts/inlined_string (0.6ms)
  Rendered /home/siri/.rvm/gems/ruby-2.0.0-p353/gems/web-console-2.2.1/lib/web_console/templates/style.css.erb within layouts/inlined_string (0.6ms)
  Rendered /home/siri/.rvm/gems/ruby-2.0.0-p353/gems/web-console-2.2.1/lib/web_console/templates/console.js.erb within layouts/javascript (33.0ms)
  Rendered /home/siri/.rvm/gems/ruby-2.0.0-p353/gems/web-console-2.2.1/lib/web_console/templates/main.js.erb within layouts/javascript (0.6ms)
  Rendered /home/siri/.rvm/gems/ruby-2.0.0-p353/gems/web-console-2.2.1/lib/web_console/templates/error_page.js.erb within layouts/javascript (0.9ms)
  Rendered /home/siri/.rvm/gems/ruby-2.0.0-p353/gems/web-console-2.2.1/lib/web_console/templates/index.html.erb (67.7ms)


Started GET "/" for 127.0.0.1 at 2016-02-05 09:28:02 +0530
  [1m[36mActiveRecord::SchemaMigration Load (0.4ms)[0m  [1mSELECT `schema_migrations`.* FROM `schema_migrations`[0m
Processing by ProductsController#index as HTML
  [1m[35mProduct Load (1.0ms)[0m  SELECT `products`.* FROM `products`
  Rendered products/index.html.erb within layouts/application (57.9ms)
Completed 200 OK in 860ms (Views: 820.2ms | ActiveRecord: 3.5ms)


Started GET "/" for 127.0.0.1 at 2016-02-05 09:28:04 +0530
Processing by ProductsController#index as HTML
  [1m[36mProduct Load (0.4ms)[0m  [1mSELECT `products`.* FROM `products`[0m
  Rendered products/index.html.erb within layouts/application (22.7ms)
Completed 200 OK in 55ms (Views: 52.5ms | ActiveRecord: 0.4ms)


Started GET "/assets/products.self-e3b0c44298fc1c149afbf4c8996fb92427ae41e4649b934ca495991b7852b855.css?body=1" for 127.0.0.1 at 2016-02-05 09:28:04 +0530


Started GET "/assets/application.self-e80e8f2318043e8af94dddc2adad5a4f09739a8ebb323b3ab31cd71d45fd9113.css?body=1" for 127.0.0.1 at 2016-02-05 09:28:04 +0530


Started GET "/assets/jquery.self-c64a74367bda6ef8b860f19e74df08927ca99d2be2ac934e9e92d5fd361e0da4.js?body=1" for 127.0.0.1 at 2016-02-05 09:28:04 +0530


Started GET "/assets/jquery_ujs.self-d602bdfe68ffc63b9f9cc512872aa3cfff046228a0a36e90dd476e8ef54c1b09.js?body=1" for 127.0.0.1 at 2016-02-05 09:28:04 +0530


Started GET "/assets/scaffolds.self-c646494787453f150279ccda86920a4195ef00eabfec42cfc461e979781f1a92.css?body=1" for 127.0.0.1 at 2016-02-05 09:28:04 +0530


Started GET "/assets/angular/angular-route.self-02b97ac9106c1262462aa2e996b43cdd2e2b03ee44653a3ca2a760b767170864.js?body=1" for 127.0.0.1 at 2016-02-05 09:28:04 +0530


Started GET "/assets/angular/angular.min.self-b87f307e15e15aff354e4decf192f704dfbc557a0679750efceecdade91b5691.js?body=1" for 127.0.0.1 at 2016-02-05 09:28:04 +0530


Started GET "/assets/angular/angular-resource.self-763da9da08de70e717814bc447eebf42eff755d2177cc18feaf51df0df4c7891.js?body=1" for 127.0.0.1 at 2016-02-05 09:28:04 +0530


Started GET "/assets/products.self-eff21462aa934a7f27eb1246104b481cec71db63195be9850e501e9fab0ab10d.js?body=1" for 127.0.0.1 at 2016-02-05 09:28:04 +0530


Started GET "/assets/application.self-7862a8a8b42407b4741a1adeeea35f0d13ddc4f702ec532adb0674491d296495.js?body=1" for 127.0.0.1 at 2016-02-05 09:28:04 +0530


Started GET "/products.json" for 127.0.0.1 at 2016-02-05 09:28:05 +0530
Processing by ProductsController#index as JSON
  [1m[35mProduct Load (0.4ms)[0m  SELECT `products`.* FROM `products`
  Rendered products/index.json.jbuilder (101.2ms)
Completed 200 OK in 119ms (Views: 117.2ms | ActiveRecord: 0.4ms)


Started GET "/" for 127.0.0.1 at 2016-02-16 16:19:14 +0530
  [1m[36mActiveRecord::SchemaMigration Load (31.8ms)[0m  [1mSELECT `schema_migrations`.* FROM `schema_migrations`[0m
Processing by ProductsController#index as HTML
  [1m[35mProduct Load (0.5ms)[0m  SELECT `products`.* FROM `products`
  Rendered products/index.html.erb within layouts/application (48.1ms)
Completed 200 OK in 1808ms (Views: 1744.6ms | ActiveRecord: 2.9ms)


Started GET "/" for 127.0.0.1 at 2016-02-16 16:19:17 +0530
Processing by ProductsController#index as HTML
  [1m[36mProduct Load (0.2ms)[0m  [1mSELECT `products`.* FROM `products`[0m
  Rendered products/index.html.erb within layouts/application (36.6ms)
Completed 200 OK in 73ms (Views: 72.3ms | ActiveRecord: 0.2ms)


Started GET "/assets/products.self-e3b0c44298fc1c149afbf4c8996fb92427ae41e4649b934ca495991b7852b855.css?body=1" for 127.0.0.1 at 2016-02-16 16:19:17 +0530


Started GET "/assets/angular/angular.min.self-b87f307e15e15aff354e4decf192f704dfbc557a0679750efceecdade91b5691.js?body=1" for 127.0.0.1 at 2016-02-16 16:19:17 +0530


Started GET "/assets/scaffolds.self-c646494787453f150279ccda86920a4195ef00eabfec42cfc461e979781f1a92.css?body=1" for 127.0.0.1 at 2016-02-16 16:19:17 +0530


Started GET "/assets/application.self-e80e8f2318043e8af94dddc2adad5a4f09739a8ebb323b3ab31cd71d45fd9113.css?body=1" for 127.0.0.1 at 2016-02-16 16:19:17 +0530


Started GET "/assets/jquery.self-c64a74367bda6ef8b860f19e74df08927ca99d2be2ac934e9e92d5fd361e0da4.js?body=1" for 127.0.0.1 at 2016-02-16 16:19:17 +0530


Started GET "/assets/jquery_ujs.self-d602bdfe68ffc63b9f9cc512872aa3cfff046228a0a36e90dd476e8ef54c1b09.js?body=1" for 127.0.0.1 at 2016-02-16 16:19:17 +0530


Started GET "/assets/angular/angular-route.self-02b97ac9106c1262462aa2e996b43cdd2e2b03ee44653a3ca2a760b767170864.js?body=1" for 127.0.0.1 at 2016-02-16 16:19:17 +0530


Started GET "/assets/products.self-eff21462aa934a7f27eb1246104b481cec71db63195be9850e501e9fab0ab10d.js?body=1" for 127.0.0.1 at 2016-02-16 16:19:17 +0530


Started GET "/assets/angular/angular-resource.self-763da9da08de70e717814bc447eebf42eff755d2177cc18feaf51df0df4c7891.js?body=1" for 127.0.0.1 at 2016-02-16 16:19:17 +0530


Started GET "/assets/application.self-7862a8a8b42407b4741a1adeeea35f0d13ddc4f702ec532adb0674491d296495.js?body=1" for 127.0.0.1 at 2016-02-16 16:19:17 +0530


Started GET "/products.json" for 127.0.0.1 at 2016-02-16 16:19:17 +0530
Processing by ProductsController#index as JSON
  [1m[35mProduct Load (0.2ms)[0m  SELECT `products`.* FROM `products`
  Rendered products/index.json.jbuilder (67.5ms)
Completed 200 OK in 81ms (Views: 79.0ms | ActiveRecord: 0.2ms)


Started GET "/products" for 127.0.0.1 at 2016-02-16 16:20:02 +0530
Processing by ProductsController#index as HTML
  [1m[36mProduct Load (0.2ms)[0m  [1mSELECT `products`.* FROM `products`[0m
  Rendered products/index.html.erb within layouts/application (39.0ms)
Completed 200 OK in 72ms (Views: 67.5ms | ActiveRecord: 1.5ms)


Started GET "/products.json" for 127.0.0.1 at 2016-02-16 16:20:03 +0530
Processing by ProductsController#index as JSON
  [1m[35mProduct Load (0.3ms)[0m  SELECT `products`.* FROM `products`
  Rendered products/index.json.jbuilder (41.7ms)
Completed 200 OK in 46ms (Views: 44.0ms | ActiveRecord: 0.3ms)


Started GET "/products/new" for 127.0.0.1 at 2016-02-16 16:20:11 +0530
Processing by ProductsController#new as HTML
  Rendered products/_form.html.erb (726.4ms)
  Rendered products/new.html.erb within layouts/application (747.5ms)
Completed 200 OK in 789ms (Views: 787.6ms | ActiveRecord: 0.0ms)


Started GET "/products/templates/products.html" for 127.0.0.1 at 2016-02-16 16:20:12 +0530

ActionController::RoutingError (No route matches [GET] "/products/templates/products.html"):
  actionpack (4.2.3) lib/action_dispatch/middleware/debug_exceptions.rb:21:in `call'
  web-console (2.2.1) lib/web_console/middleware.rb:39:in `call'
  actionpack (4.2.3) lib/action_dispatch/middleware/show_exceptions.rb:30:in `call'
  railties (4.2.3) lib/rails/rack/logger.rb:38:in `call_app'
  railties (4.2.3) lib/rails/rack/logger.rb:20:in `block in call'
  activesupport (4.2.3) lib/active_support/tagged_logging.rb:68:in `block in tagged'
  activesupport (4.2.3) lib/active_support/tagged_logging.rb:26:in `tagged'
  activesupport (4.2.3) lib/active_support/tagged_logging.rb:68:in `tagged'
  railties (4.2.3) lib/rails/rack/logger.rb:20:in `call'
  actionpack (4.2.3) lib/action_dispatch/middleware/request_id.rb:21:in `call'
  rack (1.6.4) lib/rack/methodoverride.rb:22:in `call'
  rack (1.6.4) lib/rack/runtime.rb:18:in `call'
  activesupport (4.2.3) lib/active_support/cache/strategy/local_cache_middleware.rb:28:in `call'
  rack (1.6.4) lib/rack/lock.rb:17:in `call'
  actionpack (4.2.3) lib/action_dispatch/middleware/static.rb:116:in `call'
  rack (1.6.4) lib/rack/sendfile.rb:113:in `call'
  railties (4.2.3) lib/rails/engine.rb:518:in `call'
  railties (4.2.3) lib/rails/application.rb:165:in `call'
  rack (1.6.4) lib/rack/lock.rb:17:in `call'
  rack (1.6.4) lib/rack/content_length.rb:15:in `call'
  rack (1.6.4) lib/rack/handler/webrick.rb:88:in `service'
  /home/siri/.rvm/rubies/ruby-2.2.3/lib/ruby/2.2.0/webrick/httpserver.rb:138:in `service'
  /home/siri/.rvm/rubies/ruby-2.2.3/lib/ruby/2.2.0/webrick/httpserver.rb:94:in `run'
  /home/siri/.rvm/rubies/ruby-2.2.3/lib/ruby/2.2.0/webrick/server.rb:294:in `block in start_thread'


  Rendered /home/siri/.rvm/gems/ruby-2.2.3@rails4.2.3/gems/actionpack-4.2.3/lib/action_dispatch/middleware/templates/rescues/_trace.html.erb (2.1ms)
  Rendered /home/siri/.rvm/gems/ruby-2.2.3@rails4.2.3/gems/actionpack-4.2.3/lib/action_dispatch/middleware/templates/routes/_route.html.erb (1.9ms)
  Rendered /home/siri/.rvm/gems/ruby-2.2.3@rails4.2.3/gems/actionpack-4.2.3/lib/action_dispatch/middleware/templates/routes/_table.html.erb (2.9ms)
  Rendered /home/siri/.rvm/gems/ruby-2.2.3@rails4.2.3/gems/actionpack-4.2.3/lib/action_dispatch/middleware/templates/rescues/_request_and_response.html.erb (1.7ms)
  Rendered /home/siri/.rvm/gems/ruby-2.2.3@rails4.2.3/gems/actionpack-4.2.3/lib/action_dispatch/middleware/templates/rescues/routing_error.html.erb within rescues/layout (48.3ms)
  Rendered /home/siri/.rvm/gems/ruby-2.2.3@rails4.2.3/gems/web-console-2.2.1/lib/web_console/templates/_markup.html.erb (0.6ms)
  Rendered /home/siri/.rvm/gems/ruby-2.2.3@rails4.2.3/gems/web-console-2.2.1/lib/web_console/templates/_inner_console_markup.html.erb within layouts/inlined_string (0.4ms)
  Rendered /home/siri/.rvm/gems/ruby-2.2.3@rails4.2.3/gems/web-console-2.2.1/lib/web_console/templates/_prompt_box_markup.html.erb within layouts/inlined_string (0.4ms)
  Rendered /home/siri/.rvm/gems/ruby-2.2.3@rails4.2.3/gems/web-console-2.2.1/lib/web_console/templates/style.css.erb within layouts/inlined_string (0.5ms)
  Rendered /home/siri/.rvm/gems/ruby-2.2.3@rails4.2.3/gems/web-console-2.2.1/lib/web_console/templates/console.js.erb within layouts/javascript (25.7ms)
  Rendered /home/siri/.rvm/gems/ruby-2.2.3@rails4.2.3/gems/web-console-2.2.1/lib/web_console/templates/main.js.erb within layouts/javascript (0.4ms)
  Rendered /home/siri/.rvm/gems/ruby-2.2.3@rails4.2.3/gems/web-console-2.2.1/lib/web_console/templates/error_page.js.erb within layouts/javascript (0.5ms)
  Rendered /home/siri/.rvm/gems/ruby-2.2.3@rails4.2.3/gems/web-console-2.2.1/lib/web_console/templates/index.html.erb (55.6ms)


Started GET "/products/1" for 127.0.0.1 at 2016-02-16 16:20:46 +0530
Processing by ProductsController#show as HTML
  Parameters: {"id"=>"1"}
  [1m[36mProduct Load (20.3ms)[0m  [1mSELECT  `products`.* FROM `products` WHERE `products`.`id` = 1 LIMIT 1[0m
  Rendered products/show.html.erb within layouts/application (2.4ms)
Completed 200 OK in 117ms (Views: 55.4ms | ActiveRecord: 20.3ms)


Started GET "/products/templates/products.html" for 127.0.0.1 at 2016-02-16 16:20:47 +0530

ActionController::RoutingError (No route matches [GET] "/products/templates/products.html"):
  actionpack (4.2.3) lib/action_dispatch/middleware/debug_exceptions.rb:21:in `call'
  web-console (2.2.1) lib/web_console/middleware.rb:39:in `call'
  actionpack (4.2.3) lib/action_dispatch/middleware/show_exceptions.rb:30:in `call'
  railties (4.2.3) lib/rails/rack/logger.rb:38:in `call_app'
  railties (4.2.3) lib/rails/rack/logger.rb:20:in `block in call'
  activesupport (4.2.3) lib/active_support/tagged_logging.rb:68:in `block in tagged'
  activesupport (4.2.3) lib/active_support/tagged_logging.rb:26:in `tagged'
  activesupport (4.2.3) lib/active_support/tagged_logging.rb:68:in `tagged'
  railties (4.2.3) lib/rails/rack/logger.rb:20:in `call'
  actionpack (4.2.3) lib/action_dispatch/middleware/request_id.rb:21:in `call'
  rack (1.6.4) lib/rack/methodoverride.rb:22:in `call'
  rack (1.6.4) lib/rack/runtime.rb:18:in `call'
  activesupport (4.2.3) lib/active_support/cache/strategy/local_cache_middleware.rb:28:in `call'
  rack (1.6.4) lib/rack/lock.rb:17:in `call'
  actionpack (4.2.3) lib/action_dispatch/middleware/static.rb:116:in `call'
  rack (1.6.4) lib/rack/sendfile.rb:113:in `call'
  railties (4.2.3) lib/rails/engine.rb:518:in `call'
  railties (4.2.3) lib/rails/application.rb:165:in `call'
  rack (1.6.4) lib/rack/lock.rb:17:in `call'
  rack (1.6.4) lib/rack/content_length.rb:15:in `call'
  rack (1.6.4) lib/rack/handler/webrick.rb:88:in `service'
  /home/siri/.rvm/rubies/ruby-2.2.3/lib/ruby/2.2.0/webrick/httpserver.rb:138:in `service'
  /home/siri/.rvm/rubies/ruby-2.2.3/lib/ruby/2.2.0/webrick/httpserver.rb:94:in `run'
  /home/siri/.rvm/rubies/ruby-2.2.3/lib/ruby/2.2.0/webrick/server.rb:294:in `block in start_thread'


  Rendered /home/siri/.rvm/gems/ruby-2.2.3@rails4.2.3/gems/actionpack-4.2.3/lib/action_dispatch/middleware/templates/rescues/_trace.html.erb (1.9ms)
  Rendered /home/siri/.rvm/gems/ruby-2.2.3@rails4.2.3/gems/actionpack-4.2.3/lib/action_dispatch/middleware/templates/routes/_route.html.erb (1.4ms)
  Rendered /home/siri/.rvm/gems/ruby-2.2.3@rails4.2.3/gems/actionpack-4.2.3/lib/action_dispatch/middleware/templates/routes/_table.html.erb (1.9ms)
  Rendered /home/siri/.rvm/gems/ruby-2.2.3@rails4.2.3/gems/actionpack-4.2.3/lib/action_dispatch/middleware/templates/rescues/_request_and_response.html.erb (1.5ms)
  Rendered /home/siri/.rvm/gems/ruby-2.2.3@rails4.2.3/gems/actionpack-4.2.3/lib/action_dispatch/middleware/templates/rescues/routing_error.html.erb within rescues/layout (36.6ms)
  Rendered /home/siri/.rvm/gems/ruby-2.2.3@rails4.2.3/gems/web-console-2.2.1/lib/web_console/templates/_markup.html.erb (0.5ms)
  Rendered /home/siri/.rvm/gems/ruby-2.2.3@rails4.2.3/gems/web-console-2.2.1/lib/web_console/templates/_inner_console_markup.html.erb within layouts/inlined_string (0.5ms)
  Rendered /home/siri/.rvm/gems/ruby-2.2.3@rails4.2.3/gems/web-console-2.2.1/lib/web_console/templates/_prompt_box_markup.html.erb within layouts/inlined_string (0.4ms)
  Rendered /home/siri/.rvm/gems/ruby-2.2.3@rails4.2.3/gems/web-console-2.2.1/lib/web_console/templates/style.css.erb within layouts/inlined_string (0.6ms)
  Rendered /home/siri/.rvm/gems/ruby-2.2.3@rails4.2.3/gems/web-console-2.2.1/lib/web_console/templates/console.js.erb within layouts/javascript (23.8ms)
  Rendered /home/siri/.rvm/gems/ruby-2.2.3@rails4.2.3/gems/web-console-2.2.1/lib/web_console/templates/main.js.erb within layouts/javascript (0.4ms)
  Rendered /home/siri/.rvm/gems/ruby-2.2.3@rails4.2.3/gems/web-console-2.2.1/lib/web_console/templates/error_page.js.erb within layouts/javascript (0.5ms)
  Rendered /home/siri/.rvm/gems/ruby-2.2.3@rails4.2.3/gems/web-console-2.2.1/lib/web_console/templates/index.html.erb (48.4ms)


Started GET "/" for 127.0.0.1 at 2016-02-16 16:21:42 +0530
Processing by Rails::WelcomeController#index as HTML
  Rendered /home/siri/.rvm/gems/ruby-2.2.3@rails4.2.3/gems/railties-4.2.3/lib/rails/templates/rails/welcome/index.html.erb (2.2ms)
Completed 200 OK in 31ms (Views: 30.6ms | ActiveRecord: 0.0ms)


Started GET "/products" for 127.0.0.1 at 2016-02-16 16:21:47 +0530
Processing by ProductsController#index as HTML
  [1m[35mProduct Load (0.2ms)[0m  SELECT `products`.* FROM `products`
  Rendered products/index.html.erb within layouts/application (25.3ms)
Completed 200 OK in 51ms (Views: 47.0ms | ActiveRecord: 1.4ms)


Started GET "/products.json" for 127.0.0.1 at 2016-02-16 16:21:47 +0530
Processing by ProductsController#index as JSON
  [1m[36mProduct Load (0.2ms)[0m  [1mSELECT `products`.* FROM `products`[0m
  Rendered products/index.json.jbuilder (21.9ms)
Completed 200 OK in 25ms (Views: 24.4ms | ActiveRecord: 0.2ms)


Started GET "/products" for 127.0.0.1 at 2016-02-16 16:22:06 +0530
Processing by ProductsController#index as HTML
  [1m[35mProduct Load (0.2ms)[0m  SELECT `products`.* FROM `products`
  Rendered products/index.html.erb within layouts/application (25.2ms)
Completed 200 OK in 52ms (Views: 48.2ms | ActiveRecord: 1.5ms)


Started GET "/assets/products.self-e3b0c44298fc1c149afbf4c8996fb92427ae41e4649b934ca495991b7852b855.css?body=1" for 127.0.0.1 at 2016-02-16 16:22:06 +0530


Started GET "/assets/scaffolds.self-c646494787453f150279ccda86920a4195ef00eabfec42cfc461e979781f1a92.css?body=1" for 127.0.0.1 at 2016-02-16 16:22:06 +0530


Started GET "/assets/angular/angular.min.self-b87f307e15e15aff354e4decf192f704dfbc557a0679750efceecdade91b5691.js?body=1" for 127.0.0.1 at 2016-02-16 16:22:06 +0530


Started GET "/assets/angular/angular-route.self-02b97ac9106c1262462aa2e996b43cdd2e2b03ee44653a3ca2a760b767170864.js?body=1" for 127.0.0.1 at 2016-02-16 16:22:06 +0530


Started GET "/assets/jquery_ujs.self-d602bdfe68ffc63b9f9cc512872aa3cfff046228a0a36e90dd476e8ef54c1b09.js?body=1" for 127.0.0.1 at 2016-02-16 16:22:06 +0530


Started GET "/assets/application.self-e80e8f2318043e8af94dddc2adad5a4f09739a8ebb323b3ab31cd71d45fd9113.css?body=1" for 127.0.0.1 at 2016-02-16 16:22:06 +0530


Started GET "/assets/angular/angular-resource.self-763da9da08de70e717814bc447eebf42eff755d2177cc18feaf51df0df4c7891.js?body=1" for 127.0.0.1 at 2016-02-16 16:22:06 +0530


Started GET "/assets/jquery.self-c64a74367bda6ef8b860f19e74df08927ca99d2be2ac934e9e92d5fd361e0da4.js?body=1" for 127.0.0.1 at 2016-02-16 16:22:06 +0530


Started GET "/assets/products.self-eff21462aa934a7f27eb1246104b481cec71db63195be9850e501e9fab0ab10d.js?body=1" for 127.0.0.1 at 2016-02-16 16:22:06 +0530


Started GET "/assets/application.self-7862a8a8b42407b4741a1adeeea35f0d13ddc4f702ec532adb0674491d296495.js?body=1" for 127.0.0.1 at 2016-02-16 16:22:06 +0530


Started GET "/products.json" for 127.0.0.1 at 2016-02-16 16:22:06 +0530
Processing by ProductsController#index as JSON
  [1m[36mProduct Load (0.9ms)[0m  [1mSELECT `products`.* FROM `products`[0m
  Rendered products/index.json.jbuilder (21.2ms)
Completed 200 OK in 25ms (Views: 23.1ms | ActiveRecord: 0.9ms)


Started GET "/" for 127.0.0.1 at 2016-02-16 16:22:08 +0530
Processing by ProductsController#new as HTML
  Rendered products/_form.html.erb (2.1ms)
  Rendered products/new.html.erb within layouts/application (5.8ms)
Completed 200 OK in 31ms (Views: 30.4ms | ActiveRecord: 0.0ms)


Started GET "/products.json" for 127.0.0.1 at 2016-02-16 16:22:08 +0530
Processing by ProductsController#index as JSON
  [1m[35mProduct Load (0.3ms)[0m  SELECT `products`.* FROM `products`
  Rendered products/index.json.jbuilder (27.7ms)
Completed 200 OK in 35ms (Views: 34.3ms | ActiveRecord: 0.3ms)


Started GET "/" for 127.0.0.1 at 2016-02-16 16:22:12 +0530
Processing by ProductsController#new as HTML
  Rendered products/_form.html.erb (3.2ms)
  Rendered products/new.html.erb within layouts/application (4.4ms)
Completed 200 OK in 29ms (Views: 28.3ms | ActiveRecord: 0.0ms)


Started GET "/products.json" for 127.0.0.1 at 2016-02-16 16:22:12 +0530
Processing by ProductsController#index as JSON
  [1m[36mProduct Load (0.6ms)[0m  [1mSELECT `products`.* FROM `products`[0m
  Rendered products/index.json.jbuilder (30.0ms)
Completed 200 OK in 33ms (Views: 31.9ms | ActiveRecord: 0.6ms)


Started GET "/" for 127.0.0.1 at 2016-02-16 16:22:35 +0530
Processing by ProductsController#new as HTML
  Rendered products/_form.html.erb (4.3ms)
  Rendered products/new.html.erb within layouts/application (5.3ms)
Completed 200 OK in 154ms (Views: 152.6ms | ActiveRecord: 0.0ms)


Started GET "/assets/products.self-2e4290c1d6b356579c0321cbc0ed4b253c5a5098baaf15295d99b31963859435.js?body=1" for 127.0.0.1 at 2016-02-16 16:22:36 +0530


Started GET "/" for 127.0.0.1 at 2016-02-16 16:24:05 +0530
Processing by ProductsController#new as HTML
  Rendered products/_form.html.erb (1.7ms)
  Rendered products/new.html.erb within layouts/application (2.6ms)
Completed 200 OK in 39ms (Views: 38.1ms | ActiveRecord: 0.0ms)


Started GET "/" for 127.0.0.1 at 2016-02-16 16:24:08 +0530
Processing by ProductsController#new as HTML
  Rendered products/_form.html.erb (3.2ms)
  Rendered products/new.html.erb within layouts/application (4.5ms)
Completed 200 OK in 34ms (Views: 32.7ms | ActiveRecord: 0.0ms)


Started GET "/assets/products.self-e3b0c44298fc1c149afbf4c8996fb92427ae41e4649b934ca495991b7852b855.css?body=1" for 127.0.0.1 at 2016-02-16 16:24:08 +0530


Started GET "/assets/application.self-e80e8f2318043e8af94dddc2adad5a4f09739a8ebb323b3ab31cd71d45fd9113.css?body=1" for 127.0.0.1 at 2016-02-16 16:24:08 +0530


Started GET "/assets/scaffolds.self-c646494787453f150279ccda86920a4195ef00eabfec42cfc461e979781f1a92.css?body=1" for 127.0.0.1 at 2016-02-16 16:24:08 +0530


Started GET "/assets/jquery.self-c64a74367bda6ef8b860f19e74df08927ca99d2be2ac934e9e92d5fd361e0da4.js?body=1" for 127.0.0.1 at 2016-02-16 16:24:08 +0530


Started GET "/assets/jquery_ujs.self-d602bdfe68ffc63b9f9cc512872aa3cfff046228a0a36e90dd476e8ef54c1b09.js?body=1" for 127.0.0.1 at 2016-02-16 16:24:08 +0530


Started GET "/assets/angular/angular.min.self-b87f307e15e15aff354e4decf192f704dfbc557a0679750efceecdade91b5691.js?body=1" for 127.0.0.1 at 2016-02-16 16:24:08 +0530


Started GET "/assets/angular/angular-route.self-02b97ac9106c1262462aa2e996b43cdd2e2b03ee44653a3ca2a760b767170864.js?body=1" for 127.0.0.1 at 2016-02-16 16:24:08 +0530


Started GET "/assets/angular/angular-resource.self-763da9da08de70e717814bc447eebf42eff755d2177cc18feaf51df0df4c7891.js?body=1" for 127.0.0.1 at 2016-02-16 16:24:08 +0530


Started GET "/assets/products.self-2e4290c1d6b356579c0321cbc0ed4b253c5a5098baaf15295d99b31963859435.js?body=1" for 127.0.0.1 at 2016-02-16 16:24:08 +0530


Started GET "/assets/application.self-7862a8a8b42407b4741a1adeeea35f0d13ddc4f702ec532adb0674491d296495.js?body=1" for 127.0.0.1 at 2016-02-16 16:24:08 +0530


Started GET "/products" for 127.0.0.1 at 2016-02-16 16:24:12 +0530
Processing by ProductsController#index as HTML
  [1m[35mProduct Load (0.2ms)[0m  SELECT `products`.* FROM `products`
  Rendered products/index.html.erb within layouts/application (27.0ms)
Completed 200 OK in 53ms (Views: 51.3ms | ActiveRecord: 0.2ms)


Started GET "/products" for 127.0.0.1 at 2016-02-16 16:24:22 +0530
Processing by ProductsController#index as HTML
  [1m[36mProduct Load (0.2ms)[0m  [1mSELECT `products`.* FROM `products`[0m
  Rendered products/index.html.erb within layouts/application (29.8ms)
Completed 200 OK in 65ms (Views: 63.7ms | ActiveRecord: 0.2ms)


Started GET "/products" for 127.0.0.1 at 2016-02-16 16:24:37 +0530
Processing by ProductsController#index as HTML
  [1m[35mProduct Load (0.4ms)[0m  SELECT `products`.* FROM `products`
  Rendered products/index.html.erb within layouts/application (25.7ms)
Completed 200 OK in 53ms (Views: 52.0ms | ActiveRecord: 0.4ms)


Started GET "/assets/scaffolds.self-c646494787453f150279ccda86920a4195ef00eabfec42cfc461e979781f1a92.css?body=1" for 127.0.0.1 at 2016-02-16 16:24:38 +0530


Started GET "/assets/jquery.self-c64a74367bda6ef8b860f19e74df08927ca99d2be2ac934e9e92d5fd361e0da4.js?body=1" for 127.0.0.1 at 2016-02-16 16:24:38 +0530


Started GET "/assets/products.self-e3b0c44298fc1c149afbf4c8996fb92427ae41e4649b934ca495991b7852b855.css?body=1" for 127.0.0.1 at 2016-02-16 16:24:38 +0530


Started GET "/assets/application.self-e80e8f2318043e8af94dddc2adad5a4f09739a8ebb323b3ab31cd71d45fd9113.css?body=1" for 127.0.0.1 at 2016-02-16 16:24:38 +0530


Started GET "/assets/angular/angular.min.self-b87f307e15e15aff354e4decf192f704dfbc557a0679750efceecdade91b5691.js?body=1" for 127.0.0.1 at 2016-02-16 16:24:38 +0530


Started GET "/assets/jquery_ujs.self-d602bdfe68ffc63b9f9cc512872aa3cfff046228a0a36e90dd476e8ef54c1b09.js?body=1" for 127.0.0.1 at 2016-02-16 16:24:38 +0530


Started GET "/assets/angular/angular-route.self-02b97ac9106c1262462aa2e996b43cdd2e2b03ee44653a3ca2a760b767170864.js?body=1" for 127.0.0.1 at 2016-02-16 16:24:38 +0530


Started GET "/assets/angular/angular-resource.self-763da9da08de70e717814bc447eebf42eff755d2177cc18feaf51df0df4c7891.js?body=1" for 127.0.0.1 at 2016-02-16 16:24:38 +0530


Started GET "/assets/products.self-2e4290c1d6b356579c0321cbc0ed4b253c5a5098baaf15295d99b31963859435.js?body=1" for 127.0.0.1 at 2016-02-16 16:24:38 +0530


Started GET "/assets/application.self-7862a8a8b42407b4741a1adeeea35f0d13ddc4f702ec532adb0674491d296495.js?body=1" for 127.0.0.1 at 2016-02-16 16:24:38 +0530


Started GET "/" for 127.0.0.1 at 2016-02-16 16:37:40 +0530
Processing by ProductsController#index as HTML
  [1m[36mProduct Load (0.2ms)[0m  [1mSELECT `products`.* FROM `products`[0m
  Rendered products/index.html.erb within layouts/application (26.8ms)
Completed 200 OK in 59ms (Views: 54.4ms | ActiveRecord: 1.4ms)


Started GET "/products.json" for 127.0.0.1 at 2016-02-16 16:37:41 +0530
Processing by ProductsController#index as JSON
  [1m[35mProduct Load (0.2ms)[0m  SELECT `products`.* FROM `products`
  Rendered products/index.json.jbuilder (18.9ms)
Completed 200 OK in 22ms (Views: 20.9ms | ActiveRecord: 0.2ms)


Started GET "/" for 127.0.0.1 at 2016-02-16 16:37:42 +0530
Processing by ProductsController#index as HTML
  [1m[36mProduct Load (0.3ms)[0m  [1mSELECT `products`.* FROM `products`[0m
  Rendered products/index.html.erb within layouts/application (24.1ms)
Completed 200 OK in 52ms (Views: 50.7ms | ActiveRecord: 0.3ms)


Started GET "/assets/products.self-e3b0c44298fc1c149afbf4c8996fb92427ae41e4649b934ca495991b7852b855.css?body=1" for 127.0.0.1 at 2016-02-16 16:37:42 +0530


Started GET "/assets/scaffolds.self-c646494787453f150279ccda86920a4195ef00eabfec42cfc461e979781f1a92.css?body=1" for 127.0.0.1 at 2016-02-16 16:37:42 +0530


Started GET "/assets/jquery.self-c64a74367bda6ef8b860f19e74df08927ca99d2be2ac934e9e92d5fd361e0da4.js?body=1" for 127.0.0.1 at 2016-02-16 16:37:42 +0530


Started GET "/assets/application.self-e80e8f2318043e8af94dddc2adad5a4f09739a8ebb323b3ab31cd71d45fd9113.css?body=1" for 127.0.0.1 at 2016-02-16 16:37:42 +0530


Started GET "/assets/angular/angular-route.self-02b97ac9106c1262462aa2e996b43cdd2e2b03ee44653a3ca2a760b767170864.js?body=1" for 127.0.0.1 at 2016-02-16 16:37:42 +0530


Started GET "/assets/jquery_ujs.self-d602bdfe68ffc63b9f9cc512872aa3cfff046228a0a36e90dd476e8ef54c1b09.js?body=1" for 127.0.0.1 at 2016-02-16 16:37:42 +0530


Started GET "/assets/angular/angular.min.self-b87f307e15e15aff354e4decf192f704dfbc557a0679750efceecdade91b5691.js?body=1" for 127.0.0.1 at 2016-02-16 16:37:42 +0530


Started GET "/assets/angular/angular-resource.self-763da9da08de70e717814bc447eebf42eff755d2177cc18feaf51df0df4c7891.js?body=1" for 127.0.0.1 at 2016-02-16 16:37:42 +0530


Started GET "/assets/products.self-eff21462aa934a7f27eb1246104b481cec71db63195be9850e501e9fab0ab10d.js?body=1" for 127.0.0.1 at 2016-02-16 16:37:42 +0530


Started GET "/assets/application.self-7862a8a8b42407b4741a1adeeea35f0d13ddc4f702ec532adb0674491d296495.js?body=1" for 127.0.0.1 at 2016-02-16 16:37:42 +0530


Started GET "/products.json" for 127.0.0.1 at 2016-02-16 16:37:42 +0530
Processing by ProductsController#index as JSON
  [1m[35mProduct Load (0.2ms)[0m  SELECT `products`.* FROM `products`
  Rendered products/index.json.jbuilder (28.4ms)
Completed 200 OK in 32ms (Views: 31.2ms | ActiveRecord: 0.2ms)
